{"contracts\\airdrop\\AirDrop.sol":{"l":{"25":24,"29":18,"35":14,"39":3,"40":3,"41":3,"45":3,"52":1,"53":1,"54":10,"55":10,"57":1,"64":1,"65":1,"66":10,"67":10,"69":1,"77":1,"85":3,"86":3,"90":1,"91":1,"95":3,"96":3,"97":1,"98":1},"path":"D:\\Solidity\\Contracts\\Airdrop\\contracts\\airdrop\\AirDrop.sol","s":{"1":24,"2":14,"3":3,"4":3,"5":3,"6":3,"7":1,"8":1,"9":10,"10":10,"11":1,"12":1,"13":1,"14":10,"15":10,"16":1,"17":1,"18":3,"19":3,"20":1,"21":1,"22":3,"23":3,"24":1,"25":1},"b":{"1":[18,6],"2":[1,2],"3":[1,2]},"f":{"1":24,"2":14,"3":3,"4":3,"5":1,"6":1,"7":1,"8":3,"9":3},"fnMap":{"1":{"name":"withoutZeroAddress","line":24,"loc":{"start":{"line":24,"column":4},"end":{"line":30,"column":4}}},"2":{"name":"constructor","line":34,"loc":{"start":{"line":34,"column":4},"end":{"line":36,"column":4}}},"3":{"name":"depositTokens","line":38,"loc":{"start":{"line":38,"column":4},"end":{"line":42,"column":4}}},"4":{"name":"depositEther","line":44,"loc":{"start":{"line":44,"column":4},"end":{"line":46,"column":4}}},"5":{"name":"dropTokens","line":50,"loc":{"start":{"line":48,"column":4},"end":{"line":58,"column":4}}},"6":{"name":"dropEther","line":62,"loc":{"start":{"line":60,"column":4},"end":{"line":70,"column":4}}},"7":{"name":"updateTokenAddress","line":75,"loc":{"start":{"line":72,"column":4},"end":{"line":78,"column":4}}},"8":{"name":"withdrawTokens","line":83,"loc":{"start":{"line":80,"column":4},"end":{"line":92,"column":4}}},"9":{"name":"withdrawEther","line":94,"loc":{"start":{"line":94,"column":4},"end":{"line":99,"column":4}}}},"statementMap":{"1":{"start":{"line":25,"column":8},"end":{"line":25,"column":596}},"2":{"start":{"line":35,"column":8},"end":{"line":35,"column":36}},"3":{"start":{"line":39,"column":8},"end":{"line":39,"column":70}},"4":{"start":{"line":40,"column":8},"end":{"line":40,"column":76}},"5":{"start":{"line":41,"column":8},"end":{"line":41,"column":68}},"6":{"start":{"line":45,"column":8},"end":{"line":45,"column":68}},"7":{"start":{"line":52,"column":8},"end":{"line":52,"column":27}},"8":{"start":{"line":53,"column":8},"end":{"line":53,"column":1475}},"9":{"start":{"line":54,"column":12},"end":{"line":54,"column":49}},"10":{"start":{"line":55,"column":12},"end":{"line":55,"column":50}},"11":{"start":{"line":57,"column":8},"end":{"line":57,"column":71}},"12":{"start":{"line":64,"column":8},"end":{"line":64,"column":27}},"13":{"start":{"line":65,"column":8},"end":{"line":65,"column":1879}},"14":{"start":{"line":66,"column":12},"end":{"line":66,"column":49}},"15":{"start":{"line":67,"column":12},"end":{"line":67,"column":52}},"16":{"start":{"line":69,"column":8},"end":{"line":69,"column":68}},"17":{"start":{"line":77,"column":8},"end":{"line":77,"column":36}},"18":{"start":{"line":85,"column":8},"end":{"line":85,"column":71}},"19":{"start":{"line":86,"column":8},"end":{"line":86,"column":2540}},"20":{"start":{"line":90,"column":8},"end":{"line":90,"column":57}},"21":{"start":{"line":91,"column":8},"end":{"line":91,"column":68}},"22":{"start":{"line":95,"column":8},"end":{"line":95,"column":46}},"23":{"start":{"line":96,"column":8},"end":{"line":96,"column":50}},"24":{"start":{"line":97,"column":8},"end":{"line":97,"column":40}},"25":{"start":{"line":98,"column":8},"end":{"line":98,"column":65}}},"branchMap":{"1":{"line":25,"type":"if","locations":[{"start":{"line":25,"column":8},"end":{"line":25,"column":8}},{"start":{"line":25,"column":8},"end":{"line":25,"column":8}}]},"2":{"line":86,"type":"if","locations":[{"start":{"line":86,"column":8},"end":{"line":86,"column":8}},{"start":{"line":86,"column":8},"end":{"line":86,"column":8}}]},"3":{"line":96,"type":"if","locations":[{"start":{"line":96,"column":8},"end":{"line":96,"column":8}},{"start":{"line":96,"column":8},"end":{"line":96,"column":8}}]}}},"contracts\\mock\\TokenMock.sol":{"l":{"13":15,"17":1},"path":"D:\\Solidity\\Contracts\\Airdrop\\contracts\\mock\\TokenMock.sol","s":{"1":15,"2":1},"b":{},"f":{"1":15,"2":1},"fnMap":{"1":{"name":"constructor","line":12,"loc":{"start":{"line":8,"column":4},"end":{"line":14,"column":4}}},"2":{"name":"mint","line":16,"loc":{"start":{"line":16,"column":4},"end":{"line":18,"column":4}}}},"statementMap":{"1":{"start":{"line":13,"column":8},"end":{"line":13,"column":32}},"2":{"start":{"line":17,"column":8},"end":{"line":17,"column":29}}},"branchMap":{}}}