TN:
SF:D:\Solidity\Contracts\Airdrop\contracts\airdrop\AirDrop.sol
FN:24,withoutZeroAddress
FN:34,constructor
FN:38,depositTokens
FN:44,depositEther
FN:50,dropTokens
FN:62,dropEther
FN:75,updateTokenAddress
FN:83,withdrawTokens
FN:94,withdrawEther
FNF:9
FNH:9
FNDA:24,withoutZeroAddress
FNDA:14,constructor
FNDA:3,depositTokens
FNDA:3,depositEther
FNDA:1,dropTokens
FNDA:1,dropEther
FNDA:1,updateTokenAddress
FNDA:3,withdrawTokens
FNDA:3,withdrawEther
DA:25,24
DA:29,18
DA:35,14
DA:39,3
DA:40,3
DA:41,3
DA:45,3
DA:52,1
DA:53,1
DA:54,10
DA:55,10
DA:57,1
DA:64,1
DA:65,1
DA:66,10
DA:67,10
DA:69,1
DA:77,1
DA:85,3
DA:86,3
DA:90,1
DA:91,1
DA:95,3
DA:96,3
DA:97,1
DA:98,1
LF:26
LH:26
BRDA:25,1,0,18
BRDA:25,1,1,6
BRDA:86,2,0,1
BRDA:86,2,1,2
BRDA:96,3,0,1
BRDA:96,3,1,2
BRF:6
BRH:6
end_of_record
TN:
SF:D:\Solidity\Contracts\Airdrop\contracts\mock\TokenMock.sol
FN:12,constructor
FN:16,mint
FNF:2
FNH:2
FNDA:15,constructor
FNDA:1,mint
DA:13,15
DA:17,1
LF:2
LH:2
BRF:0
BRH:0
end_of_record
